<?xml version="1.0" encoding="UTF-8"?>
<testng-results ignored="0" total="1" passed="1" failed="0" skipped="0">
  <reporter-output>
  </reporter-output>
  <suite started-at="2025-10-01T14:40:11 PKT" name="Default suite" finished-at="2025-10-01T14:40:39 PKT" duration-ms="28121">
    <groups>
    </groups>
    <test started-at="2025-10-01T14:40:11 PKT" name="Default test" finished-at="2025-10-01T14:40:39 PKT" duration-ms="28121">
      <class name="shahtest.MiscellanousAction">
        <test-method is-config="true" signature="configureAppium()[pri:0, instance:shahtest.MiscellanousAction@327514f]" started-at="2025-10-01T14:40:11 PKT" name="configureAppium" finished-at="2025-10-01T14:40:22 PKT" duration-ms="10547" status="PASS">
          <reporter-output>
          </reporter-output>
        </test-method> <!-- configureAppium -->
        <test-method signature="miscAction()[pri:0, instance:shahtest.MiscellanousAction@327514f]" started-at="2025-10-01T14:40:22 PKT" name="miscAction" finished-at="2025-10-01T14:40:38 PKT" duration-ms="15801" status="PASS">
          <reporter-output>
          </reporter-output>
        </test-method> <!-- miscAction -->
        <test-method is-config="true" signature="tearDown()[pri:0, instance:shahtest.MiscellanousAction@327514f]" started-at="2025-10-01T14:40:38 PKT" name="tearDown" finished-at="2025-10-01T14:40:39 PKT" duration-ms="1679" status="PASS">
          <reporter-output>
          </reporter-output>
        </test-method> <!-- tearDown -->
      </class> <!-- shahtest.MiscellanousAction -->
    </test> <!-- Default test -->
  </suite> <!-- Default suite -->
</testng-results>
