<?xml version="1.0" encoding="UTF-8"?>
<testng-results ignored="0" total="1" passed="1" failed="0" skipped="0">
  <reporter-output>
  </reporter-output>
  <suite started-at="2025-10-09T16:53:42 PKT" name="Default suite" finished-at="2025-10-09T16:54:09 PKT" duration-ms="27225">
    <groups>
    </groups>
    <test started-at="2025-10-09T16:53:42 PKT" name="Default test" finished-at="2025-10-09T16:54:09 PKT" duration-ms="27225">
      <class name="shahtest.eCommerce_tc_3">
        <test-method is-config="true" signature="configureAppium()[pri:0, instance:shahtest.eCommerce_tc_3@1165b38]" started-at="2025-10-09T16:53:42 PKT" name="configureAppium" finished-at="2025-10-09T16:53:48 PKT" duration-ms="6011" status="PASS">
          <reporter-output>
          </reporter-output>
        </test-method> <!-- configureAppium -->
        <test-method signature="FillForm()[pri:0, instance:shahtest.eCommerce_tc_3@1165b38]" started-at="2025-10-09T16:53:48 PKT" name="FillForm" finished-at="2025-10-09T16:54:09 PKT" duration-ms="20555" status="PASS">
          <reporter-output>
          </reporter-output>
        </test-method> <!-- FillForm -->
        <test-method is-config="true" signature="tearDown()[pri:0, instance:shahtest.eCommerce_tc_3@1165b38]" started-at="2025-10-09T16:54:09 PKT" name="tearDown" finished-at="2025-10-09T16:54:09 PKT" duration-ms="618" status="PASS">
          <reporter-output>
          </reporter-output>
        </test-method> <!-- tearDown -->
      </class> <!-- shahtest.eCommerce_tc_3 -->
    </test> <!-- Default test -->
  </suite> <!-- Default suite -->
</testng-results>
